-------------------------------------------------------------------------------
Test set: com.byborn.recipe.RecipeApplicationTests
-------------------------------------------------------------------------------
Tests run: 1, Failures: 0, Errors: 1, Skipped: 0, Time elapsed: 2.911 s <<< FAILURE! - in com.byborn.recipe.RecipeApplicationTests
contextLoads  Time elapsed: 0.002 s  <<< ERROR!
java.lang.IllegalStateException: Failed to load ApplicationContext
Caused by: org.springframework.beans.factory.UnsatisfiedDependencyException: 
Error creating bean with name 'org.springframework.boot.autoconfigure.orm.jpa.HibernateJpaConfiguration': Unsatisfied dependency expressed through constructor parameter 0; nested exception is org.springframework.beans.factory.BeanCreationException: Error creating bean with name 'dataSource' defined in class path resource [org/springframework/boot/autoconfigure/jdbc/DataSourceConfiguration$Hikari.class]: Initialization of bean failed; nested exception is org.springframework.beans.factory.BeanCreationException: Error creating bean with name 'org.springframework.boot.autoconfigure.jdbc.DataSourceInitializerInvoker': Invocation of init method failed; nested exception is org.springframework.jdbc.datasource.init.ScriptStatementFailedException: Failed to execute SQL script statement #2 of URL [file:/C:/Users/pueng/Documents/netbeans/recipe/target/classes/schema.sql]: CREATE TABLE `ingredient` ( `ID` int(11) AUTO_INCREMENT NOT NULL, `Name` varchar(45) NOT NULL, `Description` varchar(500) NOT NULL, ); nested exception is org.h2.jdbc.JdbcSQLSyntaxErrorException: Syntax error in SQL statement "CREATE TABLE `INGREDIENT` ( `ID` INT(11) AUTO_INCREMENT NOT NULL, `NAME` VARCHAR(45) NOT NULL, `DESCRIPTION` VARCHAR(500) NOT NULL, )[*]"; expected "identifier"; SQL statement:
CREATE TABLE `ingredient` ( `ID` int(11) AUTO_INCREMENT NOT NULL, `Name` varchar(45) NOT NULL, `Description` varchar(500) NOT NULL, ) [42001-200]
Caused by: org.springframework.beans.factory.BeanCreationException: 
Error creating bean with name 'dataSource' defined in class path resource [org/springframework/boot/autoconfigure/jdbc/DataSourceConfiguration$Hikari.class]: Initialization of bean failed; nested exception is org.springframework.beans.factory.BeanCreationException: Error creating bean with name 'org.springframework.boot.autoconfigure.jdbc.DataSourceInitializerInvoker': Invocation of init method failed; nested exception is org.springframework.jdbc.datasource.init.ScriptStatementFailedException: Failed to execute SQL script statement #2 of URL [file:/C:/Users/pueng/Documents/netbeans/recipe/target/classes/schema.sql]: CREATE TABLE `ingredient` ( `ID` int(11) AUTO_INCREMENT NOT NULL, `Name` varchar(45) NOT NULL, `Description` varchar(500) NOT NULL, ); nested exception is org.h2.jdbc.JdbcSQLSyntaxErrorException: Syntax error in SQL statement "CREATE TABLE `INGREDIENT` ( `ID` INT(11) AUTO_INCREMENT NOT NULL, `NAME` VARCHAR(45) NOT NULL, `DESCRIPTION` VARCHAR(500) NOT NULL, )[*]"; expected "identifier"; SQL statement:
CREATE TABLE `ingredient` ( `ID` int(11) AUTO_INCREMENT NOT NULL, `Name` varchar(45) NOT NULL, `Description` varchar(500) NOT NULL, ) [42001-200]
Caused by: org.springframework.beans.factory.BeanCreationException: 
Error creating bean with name 'org.springframework.boot.autoconfigure.jdbc.DataSourceInitializerInvoker': Invocation of init method failed; nested exception is org.springframework.jdbc.datasource.init.ScriptStatementFailedException: Failed to execute SQL script statement #2 of URL [file:/C:/Users/pueng/Documents/netbeans/recipe/target/classes/schema.sql]: CREATE TABLE `ingredient` ( `ID` int(11) AUTO_INCREMENT NOT NULL, `Name` varchar(45) NOT NULL, `Description` varchar(500) NOT NULL, ); nested exception is org.h2.jdbc.JdbcSQLSyntaxErrorException: Syntax error in SQL statement "CREATE TABLE `INGREDIENT` ( `ID` INT(11) AUTO_INCREMENT NOT NULL, `NAME` VARCHAR(45) NOT NULL, `DESCRIPTION` VARCHAR(500) NOT NULL, )[*]"; expected "identifier"; SQL statement:
CREATE TABLE `ingredient` ( `ID` int(11) AUTO_INCREMENT NOT NULL, `Name` varchar(45) NOT NULL, `Description` varchar(500) NOT NULL, ) [42001-200]
Caused by: org.springframework.jdbc.datasource.init.ScriptStatementFailedException: 
Failed to execute SQL script statement #2 of URL [file:/C:/Users/pueng/Documents/netbeans/recipe/target/classes/schema.sql]: CREATE TABLE `ingredient` ( `ID` int(11) AUTO_INCREMENT NOT NULL, `Name` varchar(45) NOT NULL, `Description` varchar(500) NOT NULL, ); nested exception is org.h2.jdbc.JdbcSQLSyntaxErrorException: Syntax error in SQL statement "CREATE TABLE `INGREDIENT` ( `ID` INT(11) AUTO_INCREMENT NOT NULL, `NAME` VARCHAR(45) NOT NULL, `DESCRIPTION` VARCHAR(500) NOT NULL, )[*]"; expected "identifier"; SQL statement:
CREATE TABLE `ingredient` ( `ID` int(11) AUTO_INCREMENT NOT NULL, `Name` varchar(45) NOT NULL, `Description` varchar(500) NOT NULL, ) [42001-200]
Caused by: org.h2.jdbc.JdbcSQLSyntaxErrorException: 
Syntax error in SQL statement "CREATE TABLE `INGREDIENT` ( `ID` INT(11) AUTO_INCREMENT NOT NULL, `NAME` VARCHAR(45) NOT NULL, `DESCRIPTION` VARCHAR(500) NOT NULL, )[*]"; expected "identifier"; SQL statement:
CREATE TABLE `ingredient` ( `ID` int(11) AUTO_INCREMENT NOT NULL, `Name` varchar(45) NOT NULL, `Description` varchar(500) NOT NULL, ) [42001-200]

